<?xml version="1.0" ?>
<!DOCTYPE coverage SYSTEM "http://cobertura.sourceforge.net/xml/coverage-04.dtd">
<coverage lines-valid="768" lines-covered="526" line-rate="0.6848000000000001" branches-valid="347" branches-covered="204" branch-rate="0.5878" timestamp="1785173847334" complexity="0" version="0.1">
  <sources>
    <source>/Users/danni/dev/frontman/libs/frontman-nextjs</source>
  </sources>
  <packages>
    <package name="src" line-rate="0.8867" branch-rate="0.5925">
      <classes>
        <class name="FrontmanNextjs.res.mjs" filename="src/FrontmanNextjs.res.mjs" line-rate="0" branch-rate="1">
          <methods>
          </methods>
          <lines>
            <line number="20" hits="0" branch="false"/>
            <line number="22" hits="0" branch="false"/>
          </lines>
        </class>
        <class name="FrontmanNextjs__CircularBuffer.res.mjs" filename="src/FrontmanNextjs__CircularBuffer.res.mjs" line-rate="1" branch-rate="1">
          <methods>
          </methods>
          <lines>
            <line number="5" hits="3" branch="false"/>
            <line number="7" hits="3" branch="false"/>
            <line number="9" hits="3" branch="false"/>
            <line number="11" hits="3" branch="false"/>
            <line number="13" hits="3" branch="false"/>
          </lines>
        </class>
        <class name="FrontmanNextjs__Config.res.mjs" filename="src/FrontmanNextjs__Config.res.mjs" line-rate="0.878" branch-rate="0.48710000000000003">
          <methods>
            <method name="normalizeHost" hits="10" signature="()V">
              <lines>
                <line number="18" hits="10"/>
              </lines>
            </method>
            <method name="make" hits="10" signature="()V">
              <lines>
                <line number="39" hits="10"/>
              </lines>
            </method>
            <method name="makeFromObject" hits="10" signature="()V">
              <lines>
                <line number="80" hits="10"/>
              </lines>
            </method>
          </methods>
          <lines>
            <line number="8" hits="1" branch="true" condition-coverage="50% (1/2)"/>
            <line number="10" hits="1" branch="true" condition-coverage="50% (1/2)"/>
            <line number="11" hits="0" branch="false"/>
            <line number="14" hits="1" branch="false"/>
            <line number="16" hits="1" branch="true" condition-coverage="50% (2/4)"/>
            <line number="19" hits="10" branch="false"/>
            <line number="20" hits="10" branch="true" condition-coverage="50% (1/2)"/>
            <line number="21" hits="10" branch="false"/>
            <line number="22" hits="10" branch="false"/>
            <line number="23" hits="10" branch="false"/>
            <line number="25" hits="10" branch="true" condition-coverage="33.33333333333333% (1/3)"/>
            <line number="28" hits="0" branch="false"/>
            <line number="29" hits="0" branch="false"/>
            <line number="31" hits="10" branch="false"/>
            <line number="33" hits="10" branch="false"/>
            <line number="35" hits="0" branch="false"/>
            <line number="40" hits="10" branch="true" condition-coverage="50% (1/2)"/>
            <line number="41" hits="10" branch="true" condition-coverage="50% (1/2)"/>
            <line number="42" hits="10" branch="true" condition-coverage="50% (1/2)"/>
            <line number="43" hits="10" branch="true" condition-coverage="50% (1/2)"/>
            <line number="44" hits="10" branch="true" condition-coverage="50% (1/2)"/>
            <line number="45" hits="10" branch="true" condition-coverage="50% (1/2)"/>
            <line number="46" hits="10" branch="true" condition-coverage="50% (1/2)"/>
            <line number="47" hits="10" branch="true" condition-coverage="50% (1/2)"/>
            <line number="48" hits="10" branch="true" condition-coverage="50% (1/2)"/>
            <line number="49" hits="10" branch="true" condition-coverage="50% (1/2)"/>
            <line number="50" hits="10" branch="false"/>
            <line number="51" hits="10" branch="false"/>
            <line number="52" hits="10" branch="false"/>
            <line number="53" hits="10" branch="false"/>
            <line number="54" hits="10" branch="false"/>
            <line number="55" hits="10" branch="false"/>
            <line number="56" hits="10" branch="false"/>
            <line number="57" hits="10" branch="true" condition-coverage="50% (1/2)"/>
            <line number="58" hits="10" branch="false"/>
            <line number="59" hits="10" branch="false"/>
            <line number="60" hits="10" branch="false"/>
            <line number="61" hits="10" branch="true" condition-coverage="50% (1/2)"/>
            <line number="64" hits="0" branch="false"/>
            <line number="66" hits="10" branch="false"/>
            <line number="81" hits="10" branch="false"/>
          </lines>
        </class>
        <class name="FrontmanNextjs__Instrumentation.res.mjs" filename="src/FrontmanNextjs__Instrumentation.res.mjs" line-rate="0" branch-rate="1">
          <methods>
            <method name="setup" hits="0" signature="()V">
              <lines>
                <line number="8" hits="0"/>
              </lines>
            </method>
          </methods>
          <lines>
            <line number="9" hits="0" branch="false"/>
            <line number="10" hits="0" branch="false"/>
            <line number="11" hits="0" branch="false"/>
          </lines>
        </class>
        <class name="FrontmanNextjs__LogCapture.res.mjs" filename="src/FrontmanNextjs__LogCapture.res.mjs" line-rate="1" branch-rate="0.5">
          <methods>
            <method name="getInstance" hits="42" signature="()V">
              <lines>
                <line number="17" hits="42"/>
              </lines>
            </method>
            <method name="initialize" hits="13" signature="()V">
              <lines>
                <line number="21" hits="13"/>
              </lines>
            </method>
          </methods>
          <lines>
            <line number="5" hits="6" branch="false"/>
            <line number="12" hits="6" branch="false"/>
            <line number="18" hits="42" branch="false"/>
            <line number="22" hits="13" branch="true" condition-coverage="50% (1/2)"/>
            <line number="23" hits="13" branch="false"/>
            <line number="26" hits="6" branch="true" condition-coverage="50% (1/2)"/>
            <line number="27" hits="6" branch="false"/>
            <line number="33" hits="6" branch="false"/>
            <line number="35" hits="6" branch="false"/>
            <line number="37" hits="6" branch="false"/>
            <line number="39" hits="6" branch="false"/>
            <line number="41" hits="6" branch="false"/>
            <line number="43" hits="6" branch="false"/>
            <line number="45" hits="6" branch="false"/>
            <line number="47" hits="6" branch="false"/>
            <line number="49" hits="6" branch="false"/>
            <line number="51" hits="6" branch="false"/>
            <line number="53" hits="6" branch="false"/>
            <line number="55" hits="6" branch="false"/>
            <line number="57" hits="6" branch="false"/>
            <line number="59" hits="6" branch="false"/>
            <line number="61" hits="6" branch="false"/>
            <line number="63" hits="6" branch="false"/>
            <line number="65" hits="6" branch="false"/>
            <line number="67" hits="6" branch="false"/>
            <line number="69" hits="6" branch="false"/>
            <line number="71" hits="6" branch="false"/>
            <line number="73" hits="6" branch="false"/>
            <line number="75" hits="6" branch="false"/>
            <line number="77" hits="6" branch="false"/>
            <line number="79" hits="6" branch="false"/>
            <line number="81" hits="6" branch="false"/>
            <line number="83" hits="6" branch="false"/>
          </lines>
        </class>
        <class name="FrontmanNextjs__LogRecordProcessor.res.mjs" filename="src/FrontmanNextjs__LogRecordProcessor.res.mjs" line-rate="0.9375" branch-rate="0.8332999999999999">
          <methods>
            <method name="mapSeverity" hits="8" signature="()V">
              <lines>
                <line number="7" hits="8"/>
              </lines>
            </method>
            <method name="make" hits="13" signature="()V">
              <lines>
                <line number="21" hits="13"/>
              </lines>
            </method>
            <method name="(anonymous_2)" hits="8" signature="()V">
              <lines>
                <line number="22" hits="8"/>
              </lines>
            </method>
            <method name="(anonymous_3)" hits="5" signature="()V">
              <lines>
                <line number="26" hits="5"/>
              </lines>
            </method>
            <method name="(anonymous_4)" hits="1" signature="()V">
              <lines>
                <line number="33" hits="1"/>
              </lines>
            </method>
            <method name="(anonymous_5)" hits="1" signature="()V">
              <lines>
                <line number="34" hits="1"/>
              </lines>
            </method>
          </methods>
          <lines>
            <line number="8" hits="8" branch="true" condition-coverage="100% (2/2)"/>
            <line number="9" hits="1" branch="false"/>
            <line number="11" hits="7" branch="true" condition-coverage="75% (3/4)"/>
            <line number="15" hits="1" branch="false"/>
            <line number="17" hits="6" branch="false"/>
            <line number="22" hits="13" branch="false"/>
            <line number="23" hits="8" branch="false"/>
            <line number="24" hits="8" branch="false"/>
            <line number="25" hits="8" branch="false"/>
            <line number="26" hits="8" branch="false"/>
            <line number="27" hits="8" branch="false"/>
            <line number="28" hits="8" branch="false"/>
            <line number="30" hits="0" branch="false"/>
            <line number="33" hits="13" branch="false"/>
            <line number="34" hits="13" branch="false"/>
            <line number="35" hits="13" branch="false"/>
          </lines>
        </class>
        <class name="FrontmanNextjs__Middleware.res.mjs" filename="src/FrontmanNextjs__Middleware.res.mjs" line-rate="1" branch-rate="1">
          <methods>
            <method name="toMiddlewareConfig" hits="10" signature="()V">
              <lines>
                <line number="7" hits="10"/>
              </lines>
            </method>
            <method name="createMiddleware" hits="10" signature="()V">
              <lines>
                <line number="25" hits="10"/>
              </lines>
            </method>
          </methods>
          <lines>
            <line number="8" hits="10" branch="false"/>
            <line number="26" hits="10" branch="false"/>
            <line number="27" hits="10" branch="false"/>
            <line number="28" hits="10" branch="false"/>
            <line number="29" hits="10" branch="false"/>
          </lines>
        </class>
        <class name="FrontmanNextjs__OpenTelemetry.res.mjs" filename="src/FrontmanNextjs__OpenTelemetry.res.mjs" line-rate="1" branch-rate="1">
          <methods>
            <method name="makeProcessors" hits="2" signature="()V">
              <lines>
                <line number="6" hits="2"/>
              </lines>
            </method>
          </methods>
          <lines>
            <line number="7" hits="2" branch="false"/>
            <line number="15" hits="1" branch="false"/>
            <line number="17" hits="1" branch="false"/>
          </lines>
        </class>
        <class name="FrontmanNextjs__OpenTelemetry__Bindings.res.mjs" filename="src/FrontmanNextjs__OpenTelemetry__Bindings.res.mjs" line-rate="0" branch-rate="1">
          <methods>
          </methods>
          <lines>
            <line number="4" hits="0" branch="false"/>
            <line number="6" hits="0" branch="false"/>
          </lines>
        </class>
        <class name="FrontmanNextjs__Sentry.res.mjs" filename="src/FrontmanNextjs__Sentry.res.mjs" line-rate="0.9354" branch-rate="0.5757">
          <methods>
            <method name="initialize" hits="27" signature="()V">
              <lines>
                <line number="13" hits="27"/>
              </lines>
            </method>
            <method name="isEnabled" hits="17" signature="()V">
              <lines>
                <line number="47" hits="17"/>
              </lines>
            </method>
            <method name="captureError" hits="4" signature="()V">
              <lines>
                <line number="55" hits="4"/>
              </lines>
            </method>
            <method name="(anonymous_3)" hits="4" signature="()V">
              <lines>
                <line number="57" hits="4"/>
              </lines>
            </method>
            <method name="captureMessage" hits="7" signature="()V">
              <lines>
                <line number="70" hits="7"/>
              </lines>
            </method>
            <method name="(anonymous_5)" hits="7" signature="()V">
              <lines>
                <line number="73" hits="7"/>
              </lines>
            </method>
            <method name="addBreadcrumb" hits="3" signature="()V">
              <lines>
                <line number="83" hits="3"/>
              </lines>
            </method>
            <method name="flush" hits="9" signature="()V">
              <lines>
                <line number="95" hits="9"/>
              </lines>
            </method>
          </methods>
          <lines>
            <line number="9" hits="1" branch="false"/>
            <line number="14" hits="27" branch="true" condition-coverage="80% (4/5)"/>
            <line number="15" hits="2" branch="false"/>
            <line number="17" hits="25" branch="false"/>
            <line number="21" hits="25" branch="false"/>
            <line number="24" hits="25" branch="true" condition-coverage="50% (1/2)"/>
            <line number="25" hits="25" branch="false"/>
            <line number="35" hits="0" branch="false"/>
            <line number="44" hits="25" branch="false"/>
            <line number="48" hits="17" branch="true" condition-coverage="50% (1/2)"/>
            <line number="49" hits="17" branch="false"/>
            <line number="51" hits="0" branch="false"/>
            <line number="56" hits="4" branch="true" condition-coverage="50% (1/2)"/>
            <line number="57" hits="4" branch="false"/>
            <line number="58" hits="4" branch="false"/>
            <line number="59" hits="4" branch="true" condition-coverage="50% (1/2)"/>
            <line number="60" hits="4" branch="false"/>
            <line number="62" hits="4" branch="true" condition-coverage="100% (2/2)"/>
            <line number="63" hits="1" branch="false"/>
            <line number="65" hits="4" branch="false"/>
            <line number="71" hits="7" branch="true" condition-coverage="100% (2/2)"/>
            <line number="72" hits="7" branch="true" condition-coverage="50% (1/2)"/>
            <line number="73" hits="7" branch="false"/>
            <line number="74" hits="7" branch="false"/>
            <line number="75" hits="7" branch="true" condition-coverage="100% (2/2)"/>
            <line number="76" hits="2" branch="false"/>
            <line number="78" hits="7" branch="false"/>
            <line number="84" hits="3" branch="true" condition-coverage="50% (1/2)"/>
            <line number="85" hits="3" branch="false"/>
            <line number="91" hits="3" branch="false"/>
            <line number="96" hits="9" branch="true" condition-coverage="50% (1/2)"/>
          </lines>
        </class>
        <class name="FrontmanNextjs__Server.res.mjs" filename="src/FrontmanNextjs__Server.res.mjs" line-rate="0.5454" branch-rate="0.5">
          <methods>
            <method name="make" hits="10" signature="()V">
              <lines>
                <line number="14" hits="10"/>
              </lines>
            </method>
            <method name="toHandlerConfig" hits="0" signature="()V">
              <lines>
                <line number="29" hits="0"/>
              </lines>
            </method>
            <method name="handleGetTools" hits="0" signature="()V">
              <lines>
                <line number="38" hits="0"/>
              </lines>
            </method>
            <method name="handleToolCall" hits="0" signature="()V">
              <lines>
                <line number="42" hits="0"/>
              </lines>
            </method>
            <method name="handleResolveSourceLocation" hits="0" signature="()V">
              <lines>
                <line number="46" hits="0"/>
              </lines>
            </method>
          </methods>
          <lines>
            <line number="8" hits="1" branch="true" condition-coverage="50% (1/2)"/>
            <line number="10" hits="1" branch="true" condition-coverage="50% (1/2)"/>
            <line number="11" hits="0" branch="false"/>
            <line number="15" hits="10" branch="true" condition-coverage="50% (1/2)"/>
            <line number="16" hits="10" branch="true" condition-coverage="50% (1/2)"/>
            <line number="17" hits="10" branch="false"/>
            <line number="18" hits="10" branch="false"/>
            <line number="30" hits="0" branch="false"/>
            <line number="39" hits="0" branch="false"/>
            <line number="43" hits="0" branch="false"/>
            <line number="47" hits="0" branch="false"/>
          </lines>
        </class>
        <class name="FrontmanNextjs__SpanProcessor.res.mjs" filename="src/FrontmanNextjs__SpanProcessor.res.mjs" line-rate="0.9259000000000001" branch-rate="0.8332999999999999">
          <methods>
            <method name="calculateDuration" hits="15" signature="()V">
              <lines>
                <line number="7" hits="15"/>
              </lines>
            </method>
            <method name="getStr" hits="67" signature="()V">
              <lines>
                <line number="15" hits="67"/>
              </lines>
            </method>
            <method name="getNum" hits="17" signature="()V">
              <lines>
                <line number="19" hits="17"/>
              </lines>
            </method>
            <method name="make" hits="19" signature="()V">
              <lines>
                <line number="23" hits="19"/>
              </lines>
            </method>
            <method name="(anonymous_4)" hits="18" signature="()V">
              <lines>
                <line number="24" hits="18"/>
              </lines>
            </method>
            <method name="(anonymous_5)" hits="19" signature="()V">
              <lines>
                <line number="25" hits="19"/>
              </lines>
            </method>
            <method name="(anonymous_6)" hits="18" signature="()V">
              <lines>
                <line number="34" hits="18"/>
              </lines>
            </method>
            <method name="(anonymous_7)" hits="8" signature="()V">
              <lines>
                <line number="66" hits="8"/>
              </lines>
            </method>
            <method name="(anonymous_8)" hits="8" signature="()V">
              <lines>
                <line number="68" hits="8"/>
              </lines>
            </method>
            <method name="(anonymous_9)" hits="8" signature="()V">
              <lines>
                <line number="119" hits="8"/>
              </lines>
            </method>
            <method name="(anonymous_10)" hits="16" signature="()V">
              <lines>
                <line number="132" hits="16"/>
              </lines>
            </method>
            <method name="(anonymous_11)" hits="0" signature="()V">
              <lines>
                <line number="133" hits="0"/>
              </lines>
            </method>
          </methods>
          <lines>
            <line number="8" hits="15" branch="false"/>
            <line number="9" hits="15" branch="false"/>
            <line number="10" hits="15" branch="false"/>
            <line number="11" hits="15" branch="false"/>
            <line number="12" hits="15" branch="false"/>
            <line number="16" hits="67" branch="false"/>
            <line number="20" hits="17" branch="false"/>
            <line number="24" hits="19" branch="false"/>
            <line number="25" hits="19" branch="false"/>
            <line number="26" hits="19" branch="false"/>
            <line number="27" hits="19" branch="false"/>
            <line number="28" hits="19" branch="false"/>
            <line number="29" hits="19" branch="false"/>
            <line number="34" hits="19" branch="false"/>
            <line number="35" hits="19" branch="true" condition-coverage="100% (2/2)"/>
            <line number="36" hits="2" branch="false"/>
            <line number="38" hits="17" branch="false"/>
            <line number="39" hits="17" branch="false"/>
            <line number="40" hits="17" branch="true" condition-coverage="100% (2/2)"/>
            <line number="41" hits="19" branch="false"/>
            <line number="42" hits="19" branch="false"/>
            <line number="43" hits="19" branch="true" condition-coverage="100% (4/4)"/>
            <line number="44" hits="2" branch="false"/>
            <line number="46" hits="15" branch="false"/>
            <line number="48" hits="15" branch="true" condition-coverage="50% (1/2)"/>
            <line number="49" hits="15" branch="true" condition-coverage="75% (3/4)"/>
            <line number="51" hits="3" branch="false"/>
            <line number="52" hits="3" branch="false"/>
            <line number="56" hits="3" branch="false"/>
            <line number="58" hits="2" branch="false"/>
            <line number="59" hits="2" branch="false"/>
            <line number="63" hits="2" branch="false"/>
            <line number="65" hits="10" branch="false"/>
            <line number="66" hits="10" branch="false"/>
            <line number="67" hits="10" branch="false"/>
            <line number="68" hits="10" branch="false"/>
            <line number="69" hits="8" branch="true" condition-coverage="100% (2/2)"/>
            <line number="70" hits="1" branch="false"/>
            <line number="72" hits="7" branch="false"/>
            <line number="75" hits="10" branch="false"/>
            <line number="79" hits="10" branch="false"/>
            <line number="81" hits="0" branch="false"/>
            <line number="87" hits="0" branch="false"/>
            <line number="92" hits="15" branch="false"/>
            <line number="93" hits="15" branch="true" condition-coverage="50% (1/2)"/>
            <line number="94" hits="0" branch="false"/>
            <line number="96" hits="15" branch="false"/>
            <line number="119" hits="8" branch="false"/>
            <line number="126" hits="15" branch="false"/>
            <line number="127" hits="15" branch="false"/>
            <line number="129" hits="0" branch="false"/>
            <line number="132" hits="19" branch="false"/>
            <line number="133" hits="19" branch="false"/>
            <line number="134" hits="19" branch="false"/>
          </lines>
        </class>
        <class name="FrontmanNextjs__ToolRegistry.res.mjs" filename="src/FrontmanNextjs__ToolRegistry.res.mjs" line-rate="1" branch-rate="1">
          <methods>
            <method name="make" hits="12" signature="()V">
              <lines>
                <line number="29" hits="12"/>
              </lines>
            </method>
          </methods>
          <lines>
            <line number="8" hits="2" branch="false"/>
            <line number="30" hits="12" branch="false"/>
            <line number="45" hits="2" branch="false"/>
            <line number="47" hits="2" branch="false"/>
            <line number="49" hits="2" branch="false"/>
            <line number="51" hits="2" branch="false"/>
          </lines>
        </class>
      </classes>
    </package>
    <package name="src.cli" line-rate="0.6420999999999999" branch-rate="0.6363">
      <classes>
        <class name="FrontmanNextjs__Cli.res.mjs" filename="src/cli/FrontmanNextjs__Cli.res.mjs" line-rate="0" branch-rate="0">
          <methods>
            <method name="parseArgs" hits="0" signature="()V">
              <lines>
                <line number="30" hits="0"/>
              </lines>
            </method>
            <method name="main" hits="0" signature="()V">
              <lines>
                <line number="129" hits="0"/>
              </lines>
            </method>
          </methods>
          <lines>
            <line number="8" hits="0" branch="false"/>
            <line number="31" hits="0" branch="false"/>
            <line number="32" hits="0" branch="false"/>
            <line number="33" hits="0" branch="false"/>
            <line number="41" hits="0" branch="false"/>
            <line number="42" hits="0" branch="false"/>
            <line number="43" hits="0" branch="false"/>
            <line number="44" hits="0" branch="false"/>
            <line number="45" hits="0" branch="true" condition-coverage="0% (0/2)"/>
            <line number="46" hits="0" branch="false"/>
            <line number="48" hits="0" branch="false"/>
            <line number="49" hits="0" branch="true" condition-coverage="0% (0/8)"/>
            <line number="51" hits="0" branch="false"/>
            <line number="59" hits="0" branch="false"/>
            <line number="60" hits="0" branch="false"/>
            <line number="62" hits="0" branch="false"/>
            <line number="63" hits="0" branch="false"/>
            <line number="64" hits="0" branch="false"/>
            <line number="72" hits="0" branch="false"/>
            <line number="73" hits="0" branch="false"/>
            <line number="75" hits="0" branch="false"/>
            <line number="76" hits="0" branch="false"/>
            <line number="77" hits="0" branch="false"/>
            <line number="85" hits="0" branch="false"/>
            <line number="86" hits="0" branch="false"/>
            <line number="88" hits="0" branch="false"/>
            <line number="96" hits="0" branch="false"/>
            <line number="97" hits="0" branch="false"/>
            <line number="100" hits="0" branch="false"/>
            <line number="102" hits="0" branch="false"/>
            <line number="110" hits="0" branch="false"/>
            <line number="111" hits="0" branch="false"/>
            <line number="113" hits="0" branch="false"/>
            <line number="114" hits="0" branch="false"/>
            <line number="116" hits="0" branch="false"/>
            <line number="124" hits="0" branch="false"/>
            <line number="125" hits="0" branch="false"/>
            <line number="130" hits="0" branch="false"/>
            <line number="131" hits="0" branch="true" condition-coverage="0% (0/2)"/>
            <line number="132" hits="0" branch="false"/>
            <line number="133" hits="0" branch="false"/>
            <line number="135" hits="0" branch="false"/>
            <line number="136" hits="0" branch="true" condition-coverage="0% (0/2)"/>
            <line number="137" hits="0" branch="true" condition-coverage="0% (0/2)"/>
            <line number="138" hits="0" branch="false"/>
            <line number="139" hits="0" branch="false"/>
            <line number="145" hits="0" branch="true" condition-coverage="0% (0/2)"/>
            <line number="146" hits="0" branch="false"/>
            <line number="147" hits="0" branch="false"/>
            <line number="149" hits="0" branch="true" condition-coverage="0% (0/2)"/>
            <line number="150" hits="0" branch="false"/>
            <line number="151" hits="0" branch="false"/>
            <line number="153" hits="0" branch="false"/>
            <line number="154" hits="0" branch="false"/>
            <line number="156" hits="0" branch="false"/>
            <line number="157" hits="0" branch="false"/>
            <line number="158" hits="0" branch="false"/>
            <line number="159" hits="0" branch="false"/>
            <line number="162" hits="0" branch="false"/>
            <line number="163" hits="0" branch="false"/>
            <line number="164" hits="0" branch="false"/>
            <line number="168" hits="0" branch="false"/>
          </lines>
        </class>
        <class name="FrontmanNextjs__Cli__AutoEdit.res.mjs" filename="src/cli/FrontmanNextjs__Cli__AutoEdit.res.mjs" line-rate="0.6435" branch-rate="0.6037">
          <methods>
            <method name="buildSystemPrompt" hits="1" signature="()V">
              <lines>
                <line number="19" hits="1"/>
              </lines>
            </method>
            <method name="buildUserMessage" hits="1" signature="()V">
              <lines>
                <line number="78" hits="1"/>
              </lines>
            </method>
            <method name="(anonymous_2)" hits="5" signature="()V">
              <lines>
                <line number="84" hits="5"/>
              </lines>
            </method>
            <method name="callModel" hits="4" signature="()V">
              <lines>
                <line number="121" hits="4"/>
              </lines>
            </method>
            <method name="stripMarkdownFences" hits="3" signature="()V">
              <lines>
                <line number="125" hits="3"/>
              </lines>
            </method>
            <method name="validateOutput" hits="9" signature="()V">
              <lines>
                <line number="139" hits="9"/>
              </lines>
            </method>
            <method name="callLLM" hits="1" signature="()V">
              <lines>
                <line number="163" hits="1"/>
              </lines>
            </method>
            <method name="(anonymous_7)" hits="4" signature="()V">
              <lines>
                <line number="166" hits="4"/>
              </lines>
            </method>
            <method name="promptUserForAutoEdit" hits="4" signature="()V">
              <lines>
                <line number="197" hits="4"/>
              </lines>
            </method>
            <method name="(anonymous_9)" hits="0" signature="()V">
              <lines>
                <line number="205" hits="0"/>
              </lines>
            </method>
            <method name="autoEditFile" hits="2" signature="()V">
              <lines>
                <line number="229" hits="2"/>
              </lines>
            </method>
          </methods>
          <lines>
            <line number="9" hits="2" branch="false"/>
            <line number="11" hits="2" branch="false"/>
            <line number="13" hits="2" branch="false"/>
            <line number="21" hits="1" branch="true" condition-coverage="33.33333333333333% (1/3)"/>
            <line number="23" hits="1" branch="false"/>
            <line number="35" hits="1" branch="false"/>
            <line number="37" hits="0" branch="false"/>
            <line number="48" hits="0" branch="false"/>
            <line number="50" hits="0" branch="false"/>
            <line number="62" hits="0" branch="false"/>
            <line number="64" hits="1" branch="false"/>
            <line number="79" hits="1" branch="false"/>
            <line number="84" hits="2" branch="false"/>
            <line number="85" hits="5" branch="false"/>
            <line number="86" hits="5" branch="false"/>
            <line number="103" hits="4" branch="true" condition-coverage="50% (1/2)"/>
            <line number="104" hits="4" branch="false"/>
            <line number="107" hits="0" branch="false"/>
            <line number="108" hits="0" branch="false"/>
            <line number="109" hits="5" branch="true" condition-coverage="50% (1/2)"/>
            <line number="110" hits="0" branch="false"/>
            <line number="112" hits="0" branch="false"/>
            <line number="114" hits="1" branch="true" condition-coverage="50% (1/2)"/>
            <line number="115" hits="1" branch="false"/>
            <line number="117" hits="0" branch="true" condition-coverage="0% (0/2)"/>
            <line number="122" hits="4" branch="false"/>
            <line number="126" hits="3" branch="false"/>
            <line number="127" hits="3" branch="false"/>
            <line number="128" hits="3" branch="false"/>
            <line number="129" hits="3" branch="false"/>
            <line number="130" hits="3" branch="true" condition-coverage="100% (2/2)"/>
            <line number="131" hits="1" branch="false"/>
            <line number="133" hits="2" branch="false"/>
            <line number="134" hits="2" branch="false"/>
            <line number="135" hits="2" branch="true" condition-coverage="50% (1/2)"/>
            <line number="136" hits="3" branch="false"/>
            <line number="140" hits="9" branch="false"/>
            <line number="141" hits="9" branch="true" condition-coverage="100% (3/3)"/>
            <line number="143" hits="3" branch="true" condition-coverage="100% (5/5)"/>
            <line number="144" hits="2" branch="false"/>
            <line number="146" hits="1" branch="false"/>
            <line number="149" hits="3" branch="true" condition-coverage="100% (6/6)"/>
            <line number="150" hits="2" branch="false"/>
            <line number="152" hits="1" branch="false"/>
            <line number="155" hits="3" branch="true" condition-coverage="100% (4/4)"/>
            <line number="156" hits="2" branch="false"/>
            <line number="158" hits="1" branch="false"/>
            <line number="164" hits="1" branch="false"/>
            <line number="165" hits="1" branch="false"/>
            <line number="166" hits="1" branch="false"/>
            <line number="167" hits="4" branch="false"/>
            <line number="168" hits="4" branch="true" condition-coverage="100% (2/2)"/>
            <line number="169" hits="3" branch="false"/>
            <line number="170" hits="3" branch="false"/>
            <line number="171" hits="3" branch="false"/>
            <line number="172" hits="3" branch="true" condition-coverage="50% (1/2)"/>
            <line number="173" hits="0" branch="false"/>
            <line number="174" hits="0" branch="true" condition-coverage="0% (0/2)"/>
            <line number="175" hits="0" branch="false"/>
            <line number="180" hits="0" branch="false"/>
            <line number="181" hits="0" branch="false"/>
            <line number="182" hits="0" branch="false"/>
            <line number="184" hits="3" branch="false"/>
            <line number="185" hits="3" branch="false"/>
            <line number="186" hits="3" branch="false"/>
            <line number="188" hits="1" branch="false"/>
            <line number="189" hits="1" branch="false"/>
            <line number="194" hits="1" branch="false"/>
            <line number="198" hits="4" branch="true" condition-coverage="50% (1/2)"/>
            <line number="199" hits="4" branch="false"/>
            <line number="201" hits="0" branch="false"/>
            <line number="202" hits="0" branch="false"/>
            <line number="203" hits="0" branch="true" condition-coverage="0% (0/2)"/>
            <line number="204" hits="0" branch="false"/>
            <line number="205" hits="0" branch="false"/>
            <line number="206" hits="0" branch="false"/>
            <line number="209" hits="0" branch="false"/>
            <line number="210" hits="0" branch="false"/>
            <line number="212" hits="0" branch="false"/>
            <line number="213" hits="0" branch="false"/>
            <line number="214" hits="0" branch="false"/>
            <line number="215" hits="0" branch="true" condition-coverage="0% (0/2)"/>
            <line number="216" hits="0" branch="false"/>
            <line number="218" hits="0" branch="false"/>
            <line number="219" hits="0" branch="true" condition-coverage="0% (0/4)"/>
            <line number="223" hits="0" branch="false"/>
            <line number="225" hits="0" branch="false"/>
            <line number="230" hits="2" branch="false"/>
            <line number="231" hits="2" branch="true" condition-coverage="100% (2/2)"/>
            <line number="232" hits="1" branch="false"/>
            <line number="237" hits="1" branch="false"/>
            <line number="238" hits="1" branch="false"/>
            <line number="239" hits="1" branch="false"/>
            <line number="240" hits="1" branch="true" condition-coverage="50% (1/2)"/>
            <line number="241" hits="1" branch="false"/>
            <line number="246" hits="0" branch="false"/>
            <line number="247" hits="0" branch="false"/>
            <line number="248" hits="0" branch="false"/>
            <line number="253" hits="0" branch="false"/>
            <line number="272" hits="2" branch="false"/>
            <line number="274" hits="2" branch="false"/>
          </lines>
        </class>
        <class name="FrontmanNextjs__Cli__Detect.res.mjs" filename="src/cli/FrontmanNextjs__Cli__Detect.res.mjs" line-rate="0.878" branch-rate="0.8332999999999999">
          <methods>
            <method name="readFile" hits="130" signature="()V">
              <lines>
                <line number="14" hits="130"/>
              </lines>
            </method>
            <method name="resolveFrom" hits="29" signature="()V">
              <lines>
                <line number="22" hits="29"/>
              </lines>
            </method>
            <method name="(anonymous_2)" hits="1" signature="()V">
              <lines>
                <line number="38" hits="1"/>
              </lines>
            </method>
            <method name="(anonymous_3)" hits="1" signature="()V">
              <lines>
                <line number="43" hits="1"/>
              </lines>
            </method>
            <method name="hasNextDependency" hits="33" signature="()V">
              <lines>
                <line number="47" hits="33"/>
              </lines>
            </method>
            <method name="(anonymous_5)" hits="30" signature="()V">
              <lines>
                <line number="55" hits="30"/>
              </lines>
            </method>
            <method name="(anonymous_6)" hits="2" signature="()V">
              <lines>
                <line number="56" hits="2"/>
              </lines>
            </method>
            <method name="detectNextVersion" hits="29" signature="()V">
              <lines>
                <line number="69" hits="29"/>
              </lines>
            </method>
            <method name="analyzeFile" hits="72" signature="()V">
              <lines>
                <line number="123" hits="72"/>
              </lines>
            </method>
            <method name="(anonymous_9)" hits="4" signature="()V">
              <lines>
                <line number="138" hits="4"/>
              </lines>
            </method>
            <method name="detectSrcDir" hits="24" signature="()V">
              <lines>
                <line number="152" hits="24"/>
              </lines>
            </method>
            <method name="hasPackageJson" hits="26" signature="()V">
              <lines>
                <line number="161" hits="26"/>
              </lines>
            </method>
            <method name="detect" hits="26" signature="()V">
              <lines>
                <line number="165" hits="26"/>
              </lines>
            </method>
            <method name="isNextJs16Plus" hits="13" signature="()V">
              <lines>
                <line number="202" hits="13"/>
              </lines>
            </method>
          </methods>
          <lines>
            <line number="15" hits="130" branch="false"/>
            <line number="16" hits="130" branch="false"/>
            <line number="18" hits="62" branch="false"/>
            <line number="23" hits="29" branch="false"/>
            <line number="24" hits="29" branch="false"/>
            <line number="25" hits="29" branch="false"/>
            <line number="30" hits="3" branch="false"/>
            <line number="31" hits="3" branch="false"/>
            <line number="38" hits="1" branch="false"/>
            <line number="43" hits="1" branch="false"/>
            <line number="48" hits="33" branch="false"/>
            <line number="49" hits="33" branch="false"/>
            <line number="50" hits="33" branch="true" condition-coverage="100% (2/2)"/>
            <line number="51" hits="1" branch="false"/>
            <line number="53" hits="32" branch="false"/>
            <line number="54" hits="32" branch="false"/>
            <line number="55" hits="32" branch="false"/>
            <line number="56" hits="32" branch="false"/>
            <line number="57" hits="32" branch="true" condition-coverage="100% (2/2)"/>
            <line number="58" hits="27" branch="false"/>
            <line number="60" hits="5" branch="false"/>
            <line number="63" hits="0" branch="false"/>
            <line number="64" hits="0" branch="false"/>
            <line number="65" hits="0" branch="false"/>
            <line number="70" hits="29" branch="false"/>
            <line number="71" hits="29" branch="true" condition-coverage="100% (2/2)"/>
            <line number="72" hits="2" branch="false"/>
            <line number="77" hits="27" branch="false"/>
            <line number="78" hits="27" branch="true" condition-coverage="100% (2/2)"/>
            <line number="79" hits="2" branch="false"/>
            <line number="84" hits="25" branch="false"/>
            <line number="85" hits="25" branch="false"/>
            <line number="86" hits="25" branch="true" condition-coverage="50% (1/2)"/>
            <line number="87" hits="0" branch="false"/>
            <line number="92" hits="25" branch="false"/>
            <line number="93" hits="25" branch="false"/>
            <line number="94" hits="25" branch="false"/>
            <line number="95" hits="25" branch="true" condition-coverage="50% (1/2)"/>
            <line number="96" hits="25" branch="false"/>
            <line number="105" hits="0" branch="false"/>
            <line number="111" hits="0" branch="false"/>
            <line number="112" hits="0" branch="false"/>
            <line number="119" hits="1" branch="false"/>
            <line number="121" hits="1" branch="false"/>
            <line number="124" hits="72" branch="false"/>
            <line number="125" hits="72" branch="true" condition-coverage="100% (2/2)"/>
            <line number="126" hits="61" branch="false"/>
            <line number="128" hits="11" branch="true" condition-coverage="100% (2/2)"/>
            <line number="129" hits="7" branch="false"/>
            <line number="131" hits="4" branch="false"/>
            <line number="132" hits="4" branch="true" condition-coverage="50% (1/2)"/>
            <line number="133" hits="0" branch="false"/>
            <line number="138" hits="4" branch="false"/>
            <line number="139" hits="4" branch="true" condition-coverage="50% (1/2)"/>
            <line number="140" hits="4" branch="false"/>
            <line number="145" hits="0" branch="false"/>
            <line number="153" hits="24" branch="false"/>
            <line number="154" hits="24" branch="true" condition-coverage="100% (2/2)"/>
            <line number="155" hits="4" branch="false"/>
            <line number="157" hits="20" branch="false"/>
            <line number="162" hits="26" branch="false"/>
            <line number="166" hits="26" branch="false"/>
            <line number="167" hits="26" branch="true" condition-coverage="50% (1/2)"/>
            <line number="168" hits="0" branch="false"/>
            <line number="173" hits="26" branch="false"/>
            <line number="174" hits="26" branch="true" condition-coverage="100% (2/2)"/>
            <line number="175" hits="2" branch="false"/>
            <line number="180" hits="24" branch="false"/>
            <line number="181" hits="24" branch="true" condition-coverage="100% (2/2)"/>
            <line number="182" hits="26" branch="false"/>
            <line number="183" hits="26" branch="false"/>
            <line number="184" hits="26" branch="true" condition-coverage="100% (2/2)"/>
            <line number="185" hits="26" branch="false"/>
            <line number="186" hits="24" branch="false"/>
            <line number="187" hits="24" branch="false"/>
            <line number="188" hits="24" branch="false"/>
            <line number="189" hits="24" branch="false"/>
            <line number="203" hits="13" branch="false"/>
            <line number="222" hits="1" branch="false"/>
            <line number="224" hits="1" branch="false"/>
            <line number="226" hits="1" branch="false"/>
            <line number="228" hits="1" branch="false"/>
          </lines>
        </class>
        <class name="FrontmanNextjs__Cli__Files.res.mjs" filename="src/cli/FrontmanNextjs__Cli__Files.res.mjs" line-rate="0.7243999999999999" branch-rate="0.7042">
          <methods>
            <method name="(anonymous_0)" hits="7" signature="()V">
              <lines>
                <line number="10" hits="7"/>
              </lines>
            </method>
            <method name="updateHostInContent" hits="6" signature="()V">
              <lines>
                <line number="12" hits="6"/>
              </lines>
            </method>
            <method name="readFile" hits="2" signature="()V">
              <lines>
                <line number="17" hits="2"/>
              </lines>
            </method>
            <method name="writeFile" hits="20" signature="()V">
              <lines>
                <line number="25" hits="20"/>
              </lines>
            </method>
            <method name="handleNeedsManualEdit" hits="4" signature="()V">
              <lines>
                <line number="40" hits="4"/>
              </lines>
            </method>
            <method name="getPendingAutoEdit" hits="43" signature="()V">
              <lines>
                <line number="94" hits="43"/>
              </lines>
            </method>
            <method name="handleMiddleware" hits="9" signature="()V">
              <lines>
                <line number="102" hits="9"/>
              </lines>
            </method>
            <method name="handleProxy" hits="4" signature="()V">
              <lines>
                <line number="184" hits="4"/>
              </lines>
            </method>
            <method name="handleInstrumentation" hits="13" signature="()V">
              <lines>
                <line number="266" hits="13"/>
              </lines>
            </method>
            <method name="formatResult" hits="26" signature="()V">
              <lines>
                <line number="314" hits="26"/>
              </lines>
            </method>
          </methods>
          <lines>
            <line number="8" hits="1" branch="false"/>
            <line number="10" hits="7" branch="false"/>
            <line number="13" hits="6" branch="false"/>
            <line number="14" hits="6" branch="false"/>
            <line number="18" hits="2" branch="false"/>
            <line number="19" hits="2" branch="false"/>
            <line number="21" hits="0" branch="false"/>
            <line number="26" hits="20" branch="false"/>
            <line number="27" hits="20" branch="false"/>
            <line number="28" hits="20" branch="false"/>
            <line number="33" hits="0" branch="false"/>
            <line number="41" hits="4" branch="true" condition-coverage="50% (1/2)"/>
            <line number="42" hits="0" branch="false"/>
            <line number="51" hits="4" branch="true" condition-coverage="50% (1/2)"/>
            <line number="52" hits="4" branch="false"/>
            <line number="61" hits="0" branch="false"/>
            <line number="62" hits="0" branch="true" condition-coverage="0% (0/2)"/>
            <line number="63" hits="0" branch="false"/>
            <line number="72" hits="0" branch="false"/>
            <line number="73" hits="0" branch="true" condition-coverage="0% (0/2)"/>
            <line number="74" hits="0" branch="false"/>
            <line number="82" hits="0" branch="false"/>
            <line number="83" hits="0" branch="false"/>
            <line number="84" hits="0" branch="false"/>
            <line number="95" hits="43" branch="true" condition-coverage="100% (4/4)"/>
            <line number="96" hits="12" branch="false"/>
            <line number="103" hits="9" branch="true" condition-coverage="100% (2/2)"/>
            <line number="104" hits="9" branch="true" condition-coverage="100% (2/2)"/>
            <line number="105" hits="9" branch="true" condition-coverage="100% (2/2)"/>
            <line number="106" hits="8" branch="true" condition-coverage="100% (2/2)"/>
            <line number="107" hits="2" branch="false"/>
            <line number="109" hits="6" branch="true" condition-coverage="100% (2/2)"/>
            <line number="110" hits="1" branch="false"/>
            <line number="118" hits="5" branch="false"/>
            <line number="119" hits="5" branch="false"/>
            <line number="120" hits="5" branch="true" condition-coverage="50% (1/2)"/>
            <line number="121" hits="5" branch="false"/>
            <line number="129" hits="0" branch="false"/>
            <line number="135" hits="1" branch="false"/>
            <line number="136" hits="1" branch="true" condition-coverage="50% (1/2)"/>
            <line number="137" hits="0" branch="false"/>
            <line number="145" hits="1" branch="true" condition-coverage="50% (1/2)"/>
            <line number="146" hits="0" branch="false"/>
            <line number="156" hits="1" branch="false"/>
            <line number="157" hits="1" branch="true" condition-coverage="50% (1/2)"/>
            <line number="158" hits="0" branch="false"/>
            <line number="163" hits="1" branch="false"/>
            <line number="164" hits="1" branch="false"/>
            <line number="165" hits="1" branch="true" condition-coverage="50% (1/2)"/>
            <line number="166" hits="1" branch="false"/>
            <line number="176" hits="0" branch="false"/>
            <line number="185" hits="4" branch="true" condition-coverage="100% (2/2)"/>
            <line number="186" hits="4" branch="true" condition-coverage="100% (2/2)"/>
            <line number="187" hits="4" branch="true" condition-coverage="100% (2/2)"/>
            <line number="188" hits="3" branch="true" condition-coverage="100% (2/2)"/>
            <line number="189" hits="1" branch="false"/>
            <line number="191" hits="2" branch="true" condition-coverage="50% (1/2)"/>
            <line number="192" hits="0" branch="false"/>
            <line number="200" hits="2" branch="false"/>
            <line number="201" hits="2" branch="false"/>
            <line number="202" hits="2" branch="true" condition-coverage="50% (1/2)"/>
            <line number="203" hits="2" branch="false"/>
            <line number="211" hits="0" branch="false"/>
            <line number="217" hits="1" branch="false"/>
            <line number="218" hits="1" branch="true" condition-coverage="50% (1/2)"/>
            <line number="219" hits="0" branch="false"/>
            <line number="227" hits="1" branch="true" condition-coverage="50% (1/2)"/>
            <line number="228" hits="0" branch="false"/>
            <line number="238" hits="1" branch="false"/>
            <line number="239" hits="1" branch="true" condition-coverage="50% (1/2)"/>
            <line number="240" hits="0" branch="false"/>
            <line number="245" hits="1" branch="false"/>
            <line number="246" hits="1" branch="false"/>
            <line number="247" hits="1" branch="true" condition-coverage="50% (1/2)"/>
            <line number="248" hits="1" branch="false"/>
            <line number="258" hits="0" branch="false"/>
            <line number="267" hits="13" branch="true" condition-coverage="100% (2/2)"/>
            <line number="268" hits="13" branch="true" condition-coverage="100% (2/2)"/>
            <line number="269" hits="13" branch="true" condition-coverage="50% (1/2)"/>
            <line number="270" hits="0" branch="false"/>
            <line number="278" hits="13" branch="true" condition-coverage="100% (2/2)"/>
            <line number="279" hits="1" branch="false"/>
            <line number="281" hits="12" branch="true" condition-coverage="100% (2/2)"/>
            <line number="282" hits="1" branch="false"/>
            <line number="290" hits="11" branch="true" condition-coverage="100% (2/2)"/>
            <line number="291" hits="3" branch="false"/>
            <line number="292" hits="3" branch="false"/>
            <line number="296" hits="11" branch="false"/>
            <line number="297" hits="11" branch="false"/>
            <line number="298" hits="11" branch="true" condition-coverage="50% (1/2)"/>
            <line number="299" hits="11" branch="false"/>
            <line number="307" hits="0" branch="false"/>
            <line number="315" hits="26" branch="true" condition-coverage="60% (3/5)"/>
            <line number="317" hits="20" branch="false"/>
            <line number="319" hits="2" branch="false"/>
            <line number="321" hits="0" branch="false"/>
            <line number="323" hits="4" branch="false"/>
            <line number="325" hits="0" branch="false"/>
          </lines>
        </class>
        <class name="FrontmanNextjs__Cli__Install.res.mjs" filename="src/cli/FrontmanNextjs__Cli__Install.res.mjs" line-rate="0.7021" branch-rate="0.7173">
          <methods>
            <method name="installDependencies" hits="0" signature="()V">
              <lines>
                <line number="12" hits="0"/>
              </lines>
            </method>
            <method name="processFileResult" hits="26" signature="()V">
              <lines>
                <line number="47" hits="26"/>
              </lines>
            </method>
            <method name="collectPendingAutoEdits" hits="20" signature="()V">
              <lines>
                <line number="67" hits="20"/>
              </lines>
            </method>
            <method name="run" hits="13" signature="()V">
              <lines>
                <line number="90" hits="13"/>
              </lines>
            </method>
            <method name="(anonymous_4)" hits="4" signature="()V">
              <lines>
                <line number="118" hits="4"/>
              </lines>
            </method>
            <method name="(anonymous_5)" hits="4" signature="()V">
              <lines>
                <line number="146" hits="4"/>
              </lines>
            </method>
          </methods>
          <lines>
            <line number="13" hits="0" branch="false"/>
            <line number="14" hits="0" branch="false"/>
            <line number="15" hits="0" branch="false"/>
            <line number="19" hits="0" branch="false"/>
            <line number="20" hits="0" branch="false"/>
            <line number="21" hits="0" branch="true" condition-coverage="0% (0/2)"/>
            <line number="22" hits="0" branch="false"/>
            <line number="23" hits="0" branch="false"/>
            <line number="28" hits="0" branch="false"/>
            <line number="29" hits="0" branch="false"/>
            <line number="32" hits="0" branch="true" condition-coverage="0% (0/2)"/>
            <line number="33" hits="0" branch="false"/>
            <line number="34" hits="0" branch="false"/>
            <line number="39" hits="0" branch="false"/>
            <line number="40" hits="0" branch="true" condition-coverage="0% (0/2)"/>
            <line number="41" hits="0" branch="false"/>
            <line number="48" hits="26" branch="true" condition-coverage="50% (1/2)"/>
            <line number="49" hits="26" branch="false"/>
            <line number="50" hits="26" branch="false"/>
            <line number="51" hits="26" branch="true" condition-coverage="100% (2/2)"/>
            <line number="52" hits="4" branch="false"/>
            <line number="54" hits="26" branch="false"/>
            <line number="59" hits="0" branch="false"/>
            <line number="60" hits="0" branch="false"/>
            <line number="61" hits="0" branch="false"/>
            <line number="68" hits="20" branch="false"/>
            <line number="69" hits="20" branch="true" condition-coverage="100% (2/2)"/>
            <line number="70" hits="6" branch="true" condition-coverage="100% (2/2)"/>
            <line number="71" hits="6" branch="false"/>
            <line number="72" hits="6" branch="true" condition-coverage="100% (2/2)"/>
            <line number="73" hits="3" branch="false"/>
            <line number="76" hits="14" branch="true" condition-coverage="100% (2/2)"/>
            <line number="77" hits="14" branch="false"/>
            <line number="78" hits="14" branch="true" condition-coverage="100% (2/2)"/>
            <line number="79" hits="5" branch="false"/>
            <line number="82" hits="20" branch="true" condition-coverage="100% (2/2)"/>
            <line number="83" hits="20" branch="false"/>
            <line number="84" hits="20" branch="true" condition-coverage="100% (2/2)"/>
            <line number="85" hits="3" branch="false"/>
            <line number="87" hits="20" branch="false"/>
            <line number="91" hits="13" branch="false"/>
            <line number="92" hits="13" branch="false"/>
            <line number="93" hits="13" branch="false"/>
            <line number="94" hits="13" branch="false"/>
            <line number="95" hits="13" branch="true" condition-coverage="100% (2/2)"/>
            <line number="96" hits="1" branch="false"/>
            <line number="97" hits="1" branch="false"/>
            <line number="99" hits="13" branch="false"/>
            <line number="100" hits="13" branch="true" condition-coverage="50% (1/2)"/>
            <line number="101" hits="13" branch="false"/>
            <line number="102" hits="13" branch="false"/>
            <line number="103" hits="13" branch="false"/>
            <line number="104" hits="13" branch="false"/>
            <line number="105" hits="13" branch="false"/>
            <line number="106" hits="13" branch="true" condition-coverage="50% (1/2)"/>
            <line number="107" hits="0" branch="false"/>
            <line number="108" hits="0" branch="true" condition-coverage="0% (0/2)"/>
            <line number="109" hits="0" branch="false"/>
            <line number="111" hits="0" branch="false"/>
            <line number="113" hits="13" branch="false"/>
            <line number="114" hits="13" branch="false"/>
            <line number="115" hits="13" branch="false"/>
            <line number="117" hits="13" branch="true" condition-coverage="100% (4/4)"/>
            <line number="118" hits="4" branch="false"/>
            <line number="119" hits="4" branch="false"/>
            <line number="121" hits="9" branch="false"/>
            <line number="123" hits="13" branch="false"/>
            <line number="124" hits="13" branch="true" condition-coverage="100% (2/2)"/>
            <line number="125" hits="9" branch="false"/>
            <line number="126" hits="9" branch="true" condition-coverage="50% (1/2)"/>
            <line number="127" hits="0" branch="false"/>
            <line number="132" hits="13" branch="false"/>
            <line number="133" hits="13" branch="false"/>
            <line number="134" hits="13" branch="true" condition-coverage="50% (1/2)"/>
            <line number="135" hits="0" branch="false"/>
            <line number="140" hits="13" branch="true" condition-coverage="100% (2/2)"/>
            <line number="141" hits="4" branch="false"/>
            <line number="142" hits="4" branch="false"/>
            <line number="143" hits="4" branch="false"/>
            <line number="144" hits="4" branch="false"/>
            <line number="145" hits="4" branch="false"/>
            <line number="146" hits="4" branch="false"/>
            <line number="147" hits="4" branch="false"/>
            <line number="149" hits="4" branch="false"/>
            <line number="150" hits="4" branch="false"/>
            <line number="155" hits="9" branch="true" condition-coverage="100% (2/2)"/>
            <line number="156" hits="8" branch="false"/>
            <line number="157" hits="8" branch="false"/>
            <line number="158" hits="8" branch="false"/>
            <line number="159" hits="8" branch="false"/>
            <line number="161" hits="9" branch="false"/>
            <line number="163" hits="0" branch="false"/>
            <line number="164" hits="0" branch="false"/>
            <line number="165" hits="0" branch="false"/>
          </lines>
        </class>
        <class name="FrontmanNextjs__Cli__Readline.res.mjs" filename="src/cli/FrontmanNextjs__Cli__Readline.res.mjs" line-rate="0.3" branch-rate="1">
          <methods>
            <method name="(anonymous_0)" hits="0" signature="()V">
              <lines>
                <line number="4" hits="0"/>
              </lines>
            </method>
            <method name="(anonymous_1)" hits="0" signature="()V">
              <lines>
                <line number="12" hits="0"/>
              </lines>
            </method>
            <method name="(anonymous_2)" hits="0" signature="()V">
              <lines>
                <line number="13" hits="0"/>
              </lines>
            </method>
            <method name="(anonymous_3)" hits="0" signature="()V">
              <lines>
                <line number="14" hits="0"/>
              </lines>
            </method>
            <method name="(anonymous_4)" hits="4" signature="()V">
              <lines>
                <line number="21" hits="4"/>
              </lines>
            </method>
          </methods>
          <lines>
            <line number="4" hits="2" branch="false"/>
            <line number="5" hits="0" branch="false"/>
            <line number="7" hits="0" branch="false"/>
            <line number="12" hits="0" branch="false"/>
            <line number="13" hits="0" branch="false"/>
            <line number="14" hits="0" branch="false"/>
            <line number="15" hits="0" branch="false"/>
            <line number="16" hits="0" branch="false"/>
            <line number="21" hits="2" branch="false"/>
            <line number="22" hits="4" branch="false"/>
          </lines>
        </class>
        <class name="FrontmanNextjs__Cli__Style.res.mjs" filename="src/cli/FrontmanNextjs__Cli__Style.res.mjs" line-rate="1" branch-rate="1">
          <methods>
            <method name="purple" hits="123" signature="()V">
              <lines>
                <line number="6" hits="123"/>
              </lines>
            </method>
            <method name="purpleBold" hits="68" signature="()V">
              <lines>
                <line number="10" hits="68"/>
              </lines>
            </method>
            <method name="purpleDim" hits="13" signature="()V">
              <lines>
                <line number="14" hits="13"/>
              </lines>
            </method>
            <method name="green" hits="2" signature="()V">
              <lines>
                <line number="18" hits="2"/>
              </lines>
            </method>
            <method name="yellow" hits="6" signature="()V">
              <lines>
                <line number="22" hits="6"/>
              </lines>
            </method>
            <method name="yellowBold" hits="10" signature="()V">
              <lines>
                <line number="26" hits="10"/>
              </lines>
            </method>
            <method name="bold" hits="62" signature="()V">
              <lines>
                <line number="30" hits="62"/>
              </lines>
            </method>
            <method name="dim" hits="78" signature="()V">
              <lines>
                <line number="34" hits="78"/>
              </lines>
            </method>
          </methods>
          <lines>
            <line number="4" hits="2" branch="false"/>
            <line number="7" hits="123" branch="false"/>
            <line number="11" hits="68" branch="false"/>
            <line number="15" hits="13" branch="false"/>
            <line number="19" hits="2" branch="false"/>
            <line number="23" hits="6" branch="false"/>
            <line number="27" hits="10" branch="false"/>
            <line number="31" hits="62" branch="false"/>
            <line number="35" hits="78" branch="false"/>
            <line number="38" hits="2" branch="false"/>
            <line number="40" hits="2" branch="false"/>
            <line number="42" hits="2" branch="false"/>
            <line number="44" hits="2" branch="false"/>
          </lines>
        </class>
        <class name="FrontmanNextjs__Cli__Templates.res.mjs" filename="src/cli/FrontmanNextjs__Cli__Templates.res.mjs" line-rate="0.8275" branch-rate="1">
          <methods>
            <method name="banner" hits="13" signature="()V">
              <lines>
                <line number="5" hits="13"/>
              </lines>
            </method>
            <method name="middlewareTemplate" hits="6" signature="()V">
              <lines>
                <line number="21" hits="6"/>
              </lines>
            </method>
            <method name="proxyTemplate" hits="2" signature="()V">
              <lines>
                <line number="42" hits="2"/>
              </lines>
            </method>
            <method name="instrumentationTemplate" hits="11" signature="()V">
              <lines>
                <line number="62" hits="11"/>
              </lines>
            </method>
            <method name="middleware" hits="2" signature="()V">
              <lines>
                <line number="77" hits="2"/>
              </lines>
            </method>
            <method name="proxy" hits="1" signature="()V">
              <lines>
                <line number="108" hits="1"/>
              </lines>
            </method>
            <method name="instrumentation" hits="1" signature="()V">
              <lines>
                <line number="138" hits="1"/>
              </lines>
            </method>
            <method name="middlewareManualSetup" hits="1" signature="()V">
              <lines>
                <line number="166" hits="1"/>
              </lines>
            </method>
            <method name="proxyManualSetup" hits="0" signature="()V">
              <lines>
                <line number="207" hits="0"/>
              </lines>
            </method>
            <method name="instrumentationManualSetup" hits="0" signature="()V">
              <lines>
                <line number="247" hits="0"/>
              </lines>
            </method>
            <method name="fileCreated" hits="20" signature="()V">
              <lines>
                <line number="296" hits="20"/>
              </lines>
            </method>
            <method name="fileSkipped" hits="0" signature="()V">
              <lines>
                <line number="300" hits="0"/>
              </lines>
            </method>
            <method name="hostUpdated" hits="2" signature="()V">
              <lines>
                <line number="304" hits="2"/>
              </lines>
            </method>
            <method name="fileAutoEdited" hits="0" signature="()V">
              <lines>
                <line number="308" hits="0"/>
              </lines>
            </method>
            <method name="autoEditFailed" hits="0" signature="()V">
              <lines>
                <line number="312" hits="0"/>
              </lines>
            </method>
            <method name="manualEditRequired" hits="4" signature="()V">
              <lines>
                <line number="316" hits="4"/>
              </lines>
            </method>
            <method name="installComplete" hits="8" signature="()V">
              <lines>
                <line number="320" hits="8"/>
              </lines>
            </method>
          </methods>
          <lines>
            <line number="6" hits="13" branch="false"/>
            <line number="7" hits="13" branch="false"/>
            <line number="8" hits="13" branch="false"/>
            <line number="9" hits="13" branch="false"/>
            <line number="10" hits="13" branch="false"/>
            <line number="11" hits="13" branch="false"/>
            <line number="22" hits="6" branch="false"/>
            <line number="43" hits="2" branch="false"/>
            <line number="63" hits="11" branch="false"/>
            <line number="78" hits="2" branch="false"/>
            <line number="79" hits="2" branch="false"/>
            <line number="109" hits="1" branch="false"/>
            <line number="110" hits="1" branch="false"/>
            <line number="139" hits="1" branch="false"/>
            <line number="140" hits="1" branch="false"/>
            <line number="160" hits="2" branch="false"/>
            <line number="167" hits="1" branch="false"/>
            <line number="208" hits="0" branch="false"/>
            <line number="248" hits="0" branch="false"/>
            <line number="290" hits="2" branch="false"/>
            <line number="297" hits="20" branch="false"/>
            <line number="301" hits="0" branch="false"/>
            <line number="305" hits="2" branch="false"/>
            <line number="309" hits="0" branch="false"/>
            <line number="313" hits="0" branch="false"/>
            <line number="317" hits="4" branch="false"/>
            <line number="321" hits="8" branch="false"/>
            <line number="342" hits="2" branch="false"/>
            <line number="345" hits="2" branch="false"/>
          </lines>
        </class>
      </classes>
    </package>
    <package name="src.tools" line-rate="0.3582" branch-rate="0">
      <classes>
        <class name="FrontmanNextjs__Tool__EditFile.res.mjs" filename="src/tools/FrontmanNextjs__Tool__EditFile.res.mjs" line-rate="0.4285" branch-rate="1">
          <methods>
            <method name="getErrorLogsSince" hits="0" signature="()V">
              <lines>
                <line number="7" hits="0"/>
              </lines>
            </method>
            <method name="(anonymous_1)" hits="0" signature="()V">
              <lines>
                <line number="10" hits="0"/>
              </lines>
            </method>
            <method name="(anonymous_2)" hits="0" signature="()V">
              <lines>
                <line number="15" hits="0"/>
              </lines>
            </method>
            <method name="(anonymous_3)" hits="0" signature="()V">
              <lines>
                <line number="18" hits="0"/>
              </lines>
            </method>
            <method name="execute" hits="0" signature="()V">
              <lines>
                <line number="21" hits="0"/>
              </lines>
            </method>
          </methods>
          <lines>
            <line number="8" hits="0" branch="false"/>
            <line number="9" hits="0" branch="false"/>
            <line number="10" hits="0" branch="false"/>
            <line number="14" hits="0" branch="false"/>
            <line number="15" hits="0" branch="false"/>
            <line number="16" hits="0" branch="false"/>
            <line number="18" hits="0" branch="false"/>
            <line number="22" hits="0" branch="false"/>
            <line number="35" hits="2" branch="false"/>
            <line number="37" hits="2" branch="false"/>
            <line number="39" hits="2" branch="false"/>
            <line number="41" hits="2" branch="false"/>
            <line number="43" hits="2" branch="false"/>
            <line number="45" hits="2" branch="false"/>
          </lines>
        </class>
        <class name="FrontmanNextjs__Tool__GetLogs.res.mjs" filename="src/tools/FrontmanNextjs__Tool__GetLogs.res.mjs" line-rate="1" branch-rate="1">
          <methods>
          </methods>
          <lines>
            <line number="5" hits="2" branch="false"/>
            <line number="7" hits="2" branch="false"/>
            <line number="9" hits="2" branch="false"/>
            <line number="11" hits="2" branch="false"/>
            <line number="13" hits="2" branch="false"/>
            <line number="15" hits="2" branch="false"/>
            <line number="17" hits="2" branch="false"/>
            <line number="19" hits="2" branch="false"/>
            <line number="21" hits="2" branch="false"/>
            <line number="23" hits="2" branch="false"/>
            <line number="25" hits="2" branch="false"/>
          </lines>
        </class>
        <class name="FrontmanNextjs__Tool__GetRoutes.res.mjs" filename="src/tools/FrontmanNextjs__Tool__GetRoutes.res.mjs" line-rate="0.1666" branch-rate="0">
          <methods>
            <method name="(anonymous_0)" hits="2" signature="()V">
              <lines>
                <line number="13" hits="2"/>
              </lines>
            </method>
            <method name="(anonymous_1)" hits="2" signature="()V">
              <lines>
                <line number="17" hits="2"/>
              </lines>
            </method>
            <method name="isDynamicSegment" hits="0" signature="()V">
              <lines>
                <line number="25" hits="0"/>
              </lines>
            </method>
            <method name="fileToRoute" hits="0" signature="()V">
              <lines>
                <line number="33" hits="0"/>
              </lines>
            </method>
            <method name="findRoutes" hits="0" signature="()V">
              <lines>
                <line number="42" hits="0"/>
              </lines>
            </method>
            <method name="(anonymous_5)" hits="0" signature="()V">
              <lines>
                <line number="46" hits="0"/>
              </lines>
            </method>
            <method name="execute" hits="0" signature="()V">
              <lines>
                <line number="72" hits="0"/>
              </lines>
            </method>
          </methods>
          <lines>
            <line number="13" hits="2" branch="false"/>
            <line number="17" hits="2" branch="false"/>
            <line number="23" hits="2" branch="false"/>
            <line number="26" hits="0" branch="true" condition-coverage="0% (0/2)"/>
            <line number="27" hits="0" branch="false"/>
            <line number="29" hits="0" branch="false"/>
            <line number="34" hits="0" branch="false"/>
            <line number="35" hits="0" branch="true" condition-coverage="0% (0/2)"/>
            <line number="36" hits="0" branch="false"/>
            <line number="38" hits="0" branch="false"/>
            <line number="43" hits="0" branch="false"/>
            <line number="44" hits="0" branch="false"/>
            <line number="45" hits="0" branch="false"/>
            <line number="46" hits="0" branch="false"/>
            <line number="47" hits="0" branch="false"/>
            <line number="48" hits="0" branch="false"/>
            <line number="49" hits="0" branch="true" condition-coverage="0% (0/2)"/>
            <line number="50" hits="0" branch="true" condition-coverage="0% (0/5)"/>
            <line number="51" hits="0" branch="false"/>
            <line number="53" hits="0" branch="false"/>
            <line number="56" hits="0" branch="true" condition-coverage="0% (0/8)"/>
            <line number="57" hits="0" branch="false"/>
            <line number="59" hits="0" branch="false"/>
            <line number="60" hits="0" branch="false"/>
            <line number="61" hits="0" branch="false"/>
            <line number="68" hits="0" branch="false"/>
            <line number="73" hits="0" branch="false"/>
            <line number="74" hits="0" branch="false"/>
            <line number="75" hits="0" branch="false"/>
            <line number="76" hits="0" branch="false"/>
            <line number="77" hits="0" branch="false"/>
            <line number="78" hits="0" branch="false"/>
            <line number="79" hits="0" branch="false"/>
            <line number="80" hits="0" branch="false"/>
            <line number="81" hits="0" branch="false"/>
            <line number="83" hits="0" branch="false"/>
            <line number="84" hits="0" branch="false"/>
            <line number="85" hits="0" branch="false"/>
            <line number="97" hits="2" branch="false"/>
            <line number="99" hits="2" branch="false"/>
            <line number="101" hits="2" branch="false"/>
            <line number="107" hits="2" branch="false"/>
          </lines>
        </class>
      </classes>
    </package>
  </packages>
</coverage>
