{"total": {"lines":{"total":768,"covered":526,"skipped":0,"pct":68.48},"statements":{"total":787,"covered":541,"skipped":0,"pct":68.74},"functions":{"total":126,"covered":97,"skipped":0,"pct":76.98},"branches":{"total":347,"covered":204,"skipped":0,"pct":58.78},"branchesTrue":{"total":0,"covered":0,"skipped":0,"pct":100}}
,"/Users/danni/dev/frontman/libs/frontman-nextjs/src/FrontmanNextjs.res.mjs": {"lines":{"total":2,"covered":0,"skipped":0,"pct":0},"functions":{"total":0,"covered":0,"skipped":0,"pct":100},"statements":{"total":2,"covered":0,"skipped":0,"pct":0},"branches":{"total":0,"covered":0,"skipped":0,"pct":100}}
,"/Users/danni/dev/frontman/libs/frontman-nextjs/src/FrontmanNextjs__CircularBuffer.res.mjs": {"lines":{"total":5,"covered":5,"skipped":0,"pct":100},"functions":{"total":0,"covered":0,"skipped":0,"pct":100},"statements":{"total":5,"covered":5,"skipped":0,"pct":100},"branches":{"total":0,"covered":0,"skipped":0,"pct":100}}
,"/Users/danni/dev/frontman/libs/frontman-nextjs/src/FrontmanNextjs__Config.res.mjs": {"lines":{"total":41,"covered":36,"skipped":0,"pct":87.8},"functions":{"total":3,"covered":3,"skipped":0,"pct":100},"statements":{"total":41,"covered":36,"skipped":0,"pct":87.8},"branches":{"total":39,"covered":19,"skipped":0,"pct":48.71}}
,"/Users/danni/dev/frontman/libs/frontman-nextjs/src/FrontmanNextjs__Instrumentation.res.mjs": {"lines":{"total":3,"covered":0,"skipped":0,"pct":0},"functions":{"total":1,"covered":0,"skipped":0,"pct":0},"statements":{"total":3,"covered":0,"skipped":0,"pct":0},"branches":{"total":0,"covered":0,"skipped":0,"pct":100}}
,"/Users/danni/dev/frontman/libs/frontman-nextjs/src/FrontmanNextjs__LogCapture.res.mjs": {"lines":{"total":33,"covered":33,"skipped":0,"pct":100},"functions":{"total":2,"covered":2,"skipped":0,"pct":100},"statements":{"total":33,"covered":33,"skipped":0,"pct":100},"branches":{"total":4,"covered":2,"skipped":0,"pct":50}}
,"/Users/danni/dev/frontman/libs/frontman-nextjs/src/FrontmanNextjs__LogRecordProcessor.res.mjs": {"lines":{"total":16,"covered":15,"skipped":0,"pct":93.75},"functions":{"total":6,"covered":6,"skipped":0,"pct":100},"statements":{"total":19,"covered":18,"skipped":0,"pct":94.73},"branches":{"total":6,"covered":5,"skipped":0,"pct":83.33}}
,"/Users/danni/dev/frontman/libs/frontman-nextjs/src/FrontmanNextjs__Middleware.res.mjs": {"lines":{"total":5,"covered":5,"skipped":0,"pct":100},"functions":{"total":2,"covered":2,"skipped":0,"pct":100},"statements":{"total":5,"covered":5,"skipped":0,"pct":100},"branches":{"total":0,"covered":0,"skipped":0,"pct":100}}
,"/Users/danni/dev/frontman/libs/frontman-nextjs/src/FrontmanNextjs__OpenTelemetry.res.mjs": {"lines":{"total":3,"covered":3,"skipped":0,"pct":100},"functions":{"total":1,"covered":1,"skipped":0,"pct":100},"statements":{"total":3,"covered":3,"skipped":0,"pct":100},"branches":{"total":0,"covered":0,"skipped":0,"pct":100}}
,"/Users/danni/dev/frontman/libs/frontman-nextjs/src/FrontmanNextjs__OpenTelemetry__Bindings.res.mjs": {"lines":{"total":2,"covered":0,"skipped":0,"pct":0},"functions":{"total":0,"covered":0,"skipped":0,"pct":100},"statements":{"total":2,"covered":0,"skipped":0,"pct":0},"branches":{"total":0,"covered":0,"skipped":0,"pct":100}}
,"/Users/danni/dev/frontman/libs/frontman-nextjs/src/FrontmanNextjs__Sentry.res.mjs": {"lines":{"total":31,"covered":29,"skipped":0,"pct":93.54},"functions":{"total":8,"covered":8,"skipped":0,"pct":100},"statements":{"total":31,"covered":29,"skipped":0,"pct":93.54},"branches":{"total":33,"covered":19,"skipped":0,"pct":57.57}}
,"/Users/danni/dev/frontman/libs/frontman-nextjs/src/FrontmanNextjs__Server.res.mjs": {"lines":{"total":11,"covered":6,"skipped":0,"pct":54.54},"functions":{"total":5,"covered":1,"skipped":0,"pct":20},"statements":{"total":11,"covered":6,"skipped":0,"pct":54.54},"branches":{"total":8,"covered":4,"skipped":0,"pct":50}}
,"/Users/danni/dev/frontman/libs/frontman-nextjs/src/FrontmanNextjs__SpanProcessor.res.mjs": {"lines":{"total":54,"covered":50,"skipped":0,"pct":92.59},"functions":{"total":12,"covered":11,"skipped":0,"pct":91.66},"statements":{"total":58,"covered":53,"skipped":0,"pct":91.37},"branches":{"total":18,"covered":15,"skipped":0,"pct":83.33}}
,"/Users/danni/dev/frontman/libs/frontman-nextjs/src/FrontmanNextjs__ToolRegistry.res.mjs": {"lines":{"total":6,"covered":6,"skipped":0,"pct":100},"functions":{"total":1,"covered":1,"skipped":0,"pct":100},"statements":{"total":6,"covered":6,"skipped":0,"pct":100},"branches":{"total":0,"covered":0,"skipped":0,"pct":100}}
,"/Users/danni/dev/frontman/libs/frontman-nextjs/src/cli/FrontmanNextjs__Cli.res.mjs": {"lines":{"total":62,"covered":0,"skipped":0,"pct":0},"functions":{"total":2,"covered":0,"skipped":0,"pct":0},"statements":{"total":62,"covered":0,"skipped":0,"pct":0},"branches":{"total":20,"covered":0,"skipped":0,"pct":0}}
,"/Users/danni/dev/frontman/libs/frontman-nextjs/src/cli/FrontmanNextjs__Cli__AutoEdit.res.mjs": {"lines":{"total":101,"covered":65,"skipped":0,"pct":64.35},"functions":{"total":11,"covered":10,"skipped":0,"pct":90.9},"statements":{"total":101,"covered":65,"skipped":0,"pct":64.35},"branches":{"total":53,"covered":32,"skipped":0,"pct":60.37}}
,"/Users/danni/dev/frontman/libs/frontman-nextjs/src/cli/FrontmanNextjs__Cli__Detect.res.mjs": {"lines":{"total":82,"covered":72,"skipped":0,"pct":87.8},"functions":{"total":14,"covered":14,"skipped":0,"pct":100},"statements":{"total":87,"covered":77,"skipped":0,"pct":88.5},"branches":{"total":30,"covered":25,"skipped":0,"pct":83.33}}
,"/Users/danni/dev/frontman/libs/frontman-nextjs/src/cli/FrontmanNextjs__Cli__Files.res.mjs": {"lines":{"total":98,"covered":71,"skipped":0,"pct":72.44},"functions":{"total":10,"covered":10,"skipped":0,"pct":100},"statements":{"total":99,"covered":72,"skipped":0,"pct":72.72},"branches":{"total":71,"covered":50,"skipped":0,"pct":70.42}}
,"/Users/danni/dev/frontman/libs/frontman-nextjs/src/cli/FrontmanNextjs__Cli__Install.res.mjs": {"lines":{"total":94,"covered":66,"skipped":0,"pct":70.21},"functions":{"total":6,"covered":5,"skipped":0,"pct":83.33},"statements":{"total":95,"covered":67,"skipped":0,"pct":70.52},"branches":{"total":46,"covered":33,"skipped":0,"pct":71.73}}
,"/Users/danni/dev/frontman/libs/frontman-nextjs/src/cli/FrontmanNextjs__Cli__Readline.res.mjs": {"lines":{"total":10,"covered":3,"skipped":0,"pct":30},"functions":{"total":5,"covered":1,"skipped":0,"pct":20},"statements":{"total":11,"covered":3,"skipped":0,"pct":27.27},"branches":{"total":0,"covered":0,"skipped":0,"pct":100}}
,"/Users/danni/dev/frontman/libs/frontman-nextjs/src/cli/FrontmanNextjs__Cli__Style.res.mjs": {"lines":{"total":13,"covered":13,"skipped":0,"pct":100},"functions":{"total":8,"covered":8,"skipped":0,"pct":100},"statements":{"total":13,"covered":13,"skipped":0,"pct":100},"branches":{"total":0,"covered":0,"skipped":0,"pct":100}}
,"/Users/danni/dev/frontman/libs/frontman-nextjs/src/cli/FrontmanNextjs__Cli__Templates.res.mjs": {"lines":{"total":29,"covered":24,"skipped":0,"pct":82.75},"functions":{"total":17,"covered":12,"skipped":0,"pct":70.58},"statements":{"total":29,"covered":24,"skipped":0,"pct":82.75},"branches":{"total":0,"covered":0,"skipped":0,"pct":100}}
,"/Users/danni/dev/frontman/libs/frontman-nextjs/src/tools/FrontmanNextjs__Tool__EditFile.res.mjs": {"lines":{"total":14,"covered":6,"skipped":0,"pct":42.85},"functions":{"total":5,"covered":0,"skipped":0,"pct":0},"statements":{"total":16,"covered":6,"skipped":0,"pct":37.5},"branches":{"total":0,"covered":0,"skipped":0,"pct":100}}
,"/Users/danni/dev/frontman/libs/frontman-nextjs/src/tools/FrontmanNextjs__Tool__GetLogs.res.mjs": {"lines":{"total":11,"covered":11,"skipped":0,"pct":100},"functions":{"total":0,"covered":0,"skipped":0,"pct":100},"statements":{"total":11,"covered":11,"skipped":0,"pct":100},"branches":{"total":0,"covered":0,"skipped":0,"pct":100}}
,"/Users/danni/dev/frontman/libs/frontman-nextjs/src/tools/FrontmanNextjs__Tool__GetRoutes.res.mjs": {"lines":{"total":42,"covered":7,"skipped":0,"pct":16.66},"functions":{"total":7,"covered":2,"skipped":0,"pct":28.57},"statements":{"total":44,"covered":9,"skipped":0,"pct":20.45},"branches":{"total":19,"covered":0,"skipped":0,"pct":0}}
}
